
4월 03, 2021 18:08:31.75 NEW SESSION
4월 03, 2021 18:08:31.75 [9048:3152:0403/180831.749:ERROR:device_event_log_impl.cc(214)] [18:08:31.749] USB: usb_device_handle_win.cc:1056 Failed to read descriptor from node connection: 시스템에 부착된 장치가 작동하지 않습니다. (0x1F)
4월 03, 2021 18:11:30.59 [14152:5756:0403/181130.596:ERROR:device_event_log_impl.cc(214)] [18:11:30.597] USB: usb_device_handle_win.cc:1056 Failed to read descriptor from node connection: 시스템에 부착된 장치가 작동하지 않습니다. (0x1F)

4월 04, 2021 05:02:39.30 NEW SESSION
4월 04, 2021 05:02:39.30 [5148:9640:0404/050239.297:ERROR:get_updates_processor.cc(257)] PostClientToServerMessage() failed during GetUpdates with error 2

4월 04, 2021 16:16:07.66 NEW SESSION
4월 04, 2021 16:16:07.66 [6844:14576:0404/161607.664:ERROR:device_event_log_impl.cc(214)] [16:16:07.664] USB: usb_device_handle_win.cc:1056 Failed to read descriptor from node connection: 시스템에 부착된 장치가 작동하지 않습니다. (0x1F)
4월 04, 2021 16:31:16.47 [8240:14356:0404/163116.471:ERROR:device_event_log_impl.cc(214)] [16:31:16.471] USB: usb_device_handle_win.cc:1056 Failed to read descriptor from node connection: 시스템에 부착된 장치가 작동하지 않습니다. (0x1F)
4월 04, 2021 16:41:53.86 [4400:15320:0404/164153.863:ERROR:device_event_log_impl.cc(214)] [16:41:53.863] USB: usb_device_handle_win.cc:1056 Failed to read descriptor from node connection: 시스템에 부착된 장치가 작동하지 않습니다. (0x1F)
4월 04, 2021 16:47:39.10 [2960:14084:0404/164739.100:ERROR:device_event_log_impl.cc(214)] [16:47:39.100] USB: usb_device_handle_win.cc:1056 Failed to read descriptor from node connection: 시스템에 부착된 장치가 작동하지 않습니다. (0x1F)
4월 04, 2021 16:47:39.10 [2960:14084:0404/164739.100:ERROR:device_event_log_impl.cc(214)] [16:47:39.100] USB: usb_device_handle_win.cc:1056 Failed to read descriptor from node connection: 시스템에 부착된 장치가 작동하지 않습니다. (0x1F)
4월 04, 2021 17:03:30.24 [8244:10424:0404/170330.248:ERROR:device_event_log_impl.cc(214)] [17:03:30.249] USB: usb_device_handle_win.cc:1056 Failed to read descriptor from node connection: 시스템에 부착된 장치가 작동하지 않습니다. (0x1F)
4월 04, 2021 17:05:37.67 [4380:14944:0404/170537.674:ERROR:device_event_log_impl.cc(214)] [17:05:37.675] USB: usb_device_handle_win.cc:1056 Failed to read descriptor from node connection: 시스템에 부착된 장치가 작동하지 않습니다. (0x1F)
4월 04, 2021 17:17:56.67 [8748:11116:0404/171756.678:ERROR:device_event_log_impl.cc(214)] [17:17:56.678] USB: usb_device_handle_win.cc:1056 Failed to read descriptor from node connection: 시스템에 부착된 장치가 작동하지 않습니다. (0x1F)
4월 04, 2021 17:19:40.86 [2064:12380:0404/171940.866:ERROR:device_event_log_impl.cc(214)] [17:19:40.866] USB: usb_device_handle_win.cc:1056 Failed to read descriptor from node connection: 시스템에 부착된 장치가 작동하지 않습니다. (0x1F)
4월 04, 2021 17:21:58.51 [12552:12880:0404/172158.517:ERROR:device_event_log_impl.cc(214)] [17:21:58.517] USB: usb_device_handle_win.cc:1056 Failed to read descriptor from node connection: 시스템에 부착된 장치가 작동하지 않습니다. (0x1F)
4월 04, 2021 18:34:06.92 [14328:13360:0404/183406.925:ERROR:device_event_log_impl.cc(214)] [18:34:06.925] USB: usb_device_handle_win.cc:1056 Failed to read descriptor from node connection: 시스템에 부착된 장치가 작동하지 않습니다. (0x1F)
4월 04, 2021 18:34:06.92 [14328:13360:0404/183406.925:ERROR:device_event_log_impl.cc(214)] [18:34:06.925] USB: usb_device_handle_win.cc:1056 Failed to read descriptor from node connection: 시스템에 부착된 장치가 작동하지 않습니다. (0x1F)
4월 04, 2021 18:46:43.45 [15552:3668:0404/184643.454:ERROR:device_event_log_impl.cc(214)] [18:46:43.454] USB: usb_device_handle_win.cc:1056 Failed to read descriptor from node connection: 시스템에 부착된 장치가 작동하지 않습니다. (0x1F)
4월 04, 2021 18:47:13.93 [3108:2800:0404/184713.930:ERROR:device_event_log_impl.cc(214)] [18:47:13.930] USB: usb_device_handle_win.cc:1056 Failed to read descriptor from node connection: 시스템에 부착된 장치가 작동하지 않습니다. (0x1F)
4월 04, 2021 18:49:49.29 [14060:7808:0404/184949.296:ERROR:device_event_log_impl.cc(214)] [18:49:49.297] USB: usb_device_handle_win.cc:1056 Failed to read descriptor from node connection: 시스템에 부착된 장치가 작동하지 않습니다. (0x1F)
4월 04, 2021 18:51:51.49 [2980:6060:0404/185151.495:ERROR:device_event_log_impl.cc(214)] [18:51:51.494] USB: usb_device_handle_win.cc:1056 Failed to read descriptor from node connection: 시스템에 부착된 장치가 작동하지 않습니다. (0x1F)
4월 04, 2021 18:51:51.49 [2980:6060:0404/185151.495:ERROR:device_event_log_impl.cc(214)] [18:51:51.495] USB: usb_device_handle_win.cc:1056 Failed to read descriptor from node connection: 시스템에 부착된 장치가 작동하지 않습니다. (0x1F)

4월 04, 2021 20:55:27.73 NEW SESSION
4월 04, 2021 20:55:27.73 [13316:14328:0404/205527.733:ERROR:device_event_log_impl.cc(214)] [20:55:27.734] USB: usb_device_handle_win.cc:1056 Failed to read descriptor from node connection: 시스템에 부착된 장치가 작동하지 않습니다. (0x1F)
4월 04, 2021 20:55:53.84 [5124:12684:0404/205553.844:ERROR:device_event_log_impl.cc(214)] [20:55:53.844] USB: usb_device_handle_win.cc:1056 Failed to read descriptor from node connection: 시스템에 부착된 장치가 작동하지 않습니다. (0x1F)
4월 04, 2021 20:58:12.08 [3172:12968:0404/205812.083:ERROR:device_event_log_impl.cc(214)] [20:58:12.083] USB: usb_device_handle_win.cc:1056 Failed to read descriptor from node connection: 시스템에 부착된 장치가 작동하지 않습니다. (0x1F)
4월 04, 2021 20:58:42.15 [15664:14472:0404/205842.154:ERROR:device_event_log_impl.cc(214)] [20:58:42.154] USB: usb_device_handle_win.cc:1056 Failed to read descriptor from node connection: 시스템에 부착된 장치가 작동하지 않습니다. (0x1F)
4월 04, 2021 20:59:21.87 [1624:14676:0404/205921.869:ERROR:device_event_log_impl.cc(214)] [20:59:21.869] USB: usb_device_handle_win.cc:1056 Failed to read descriptor from node connection: 시스템에 부착된 장치가 작동하지 않습니다. (0x1F)
4월 04, 2021 21:00:25.92 [12536:9084:0404/210025.925:ERROR:device_event_log_impl.cc(214)] [21:00:25.925] USB: usb_device_handle_win.cc:1056 Failed to read descriptor from node connection: 시스템에 부착된 장치가 작동하지 않습니다. (0x1F)
4월 04, 2021 21:00:25.92 [12536:9084:0404/210025.926:ERROR:device_event_log_impl.cc(214)] [21:00:25.926] USB: usb_device_handle_win.cc:1056 Failed to read descriptor from node connection: 시스템에 부착된 장치가 작동하지 않습니다. (0x1F)
4월 04, 2021 22:14:23.57 [15784:3888:0404/221423.577:ERROR:device_event_log_impl.cc(214)] [22:14:23.577] USB: usb_device_handle_win.cc:1056 Failed to read descriptor from node connection: 시스템에 부착된 장치가 작동하지 않습니다. (0x1F)
4월 04, 2021 22:14:23.57 [15784:3888:0404/221423.577:ERROR:device_event_log_impl.cc(214)] [22:14:23.577] USB: usb_device_handle_win.cc:1056 Failed to read descriptor from node connection: 시스템에 부착된 장치가 작동하지 않습니다. (0x1F)
4월 04, 2021 22:29:51.28 [11020:9376:0404/222951.282:ERROR:device_event_log_impl.cc(214)] [22:29:51.281] USB: usb_device_handle_win.cc:1056 Failed to read descriptor from node connection: 시스템에 부착된 장치가 작동하지 않습니다. (0x1F)
4월 04, 2021 23:21:47.78 [7952:14664:0404/232147.786:ERROR:device_event_log_impl.cc(214)] [23:21:47.786] USB: usb_device_handle_win.cc:1056 Failed to read descriptor from node connection: 시스템에 부착된 장치가 작동하지 않습니다. (0x1F)
4월 04, 2021 23:21:47.78 [7952:14664:0404/232147.786:ERROR:device_event_log_impl.cc(214)] [23:21:47.787] USB: usb_device_handle_win.cc:1056 Failed to read descriptor from node connection: 시스템에 부착된 장치가 작동하지 않습니다. (0x1F)

4월 04, 2021 23:43:41.33 NEW SESSION
4월 04, 2021 23:43:41.33 [10732:10260:0404/234341.333:ERROR:device_event_log_impl.cc(214)] [23:43:41.333] USB: usb_device_handle_win.cc:1056 Failed to read descriptor from node connection: 시스템에 부착된 장치가 작동하지 않습니다. (0x1F)
4월 04, 2021 23:43:41.33 [10732:10260:0404/234341.333:ERROR:device_event_log_impl.cc(214)] [23:43:41.334] USB: usb_device_handle_win.cc:1056 Failed to read descriptor from node connection: 시스템에 부착된 장치가 작동하지 않습니다. (0x1F)

4월 05, 2021 22:45:26.17 NEW SESSION
4월 05, 2021 22:45:26.17 [15040:9672:0405/224526.174:ERROR:device_event_log_impl.cc(214)] [22:45:26.173] USB: usb_device_handle_win.cc:1056 Failed to read descriptor from node connection: 시스템에 부착된 장치가 작동하지 않습니다. (0x1F)
4월 05, 2021 22:50:33.28 [13444:10160:0405/225033.288:ERROR:device_event_log_impl.cc(214)] [22:50:33.289] USB: usb_device_handle_win.cc:1056 Failed to read descriptor from node connection: 시스템에 부착된 장치가 작동하지 않습니다. (0x1F)
4월 05, 2021 23:00:59.13 [11868:8784:0405/230059.138:ERROR:device_event_log_impl.cc(214)] [23:00:59.138] USB: usb_device_handle_win.cc:1056 Failed to read descriptor from node connection: 시스템에 부착된 장치가 작동하지 않습니다. (0x1F)
4월 05, 2021 23:00:59.13 [11868:8784:0405/230059.138:ERROR:device_event_log_impl.cc(214)] [23:00:59.138] USB: usb_device_handle_win.cc:1056 Failed to read descriptor from node connection: 시스템에 부착된 장치가 작동하지 않습니다. (0x1F)
4월 05, 2021 23:01:59.74 [8420:7868:0405/230159.744:ERROR:device_event_log_impl.cc(214)] [23:01:59.744] USB: usb_device_handle_win.cc:1056 Failed to read descriptor from node connection: 시스템에 부착된 장치가 작동하지 않습니다. (0x1F)
4월 05, 2021 23:19:50.20 [14152:6556:0405/231950.201:ERROR:device_event_log_impl.cc(214)] [23:19:50.200] USB: usb_device_handle_win.cc:1056 Failed to read descriptor from node connection: 시스템에 부착된 장치가 작동하지 않습니다. (0x1F)
4월 05, 2021 23:19:50.20 [14152:6556:0405/231950.201:ERROR:device_event_log_impl.cc(214)] [23:19:50.200] USB: usb_device_handle_win.cc:1056 Failed to read descriptor from node connection: 시스템에 부착된 장치가 작동하지 않습니다. (0x1F)
4월 05, 2021 23:22:02.92 [13768:3280:0405/232202.921:ERROR:device_event_log_impl.cc(214)] [23:22:02.920] USB: usb_device_handle_win.cc:1056 Failed to read descriptor from node connection: 시스템에 부착된 장치가 작동하지 않습니다. (0x1F)
4월 05, 2021 23:25:04.33 [8136:8344:0405/232504.333:ERROR:device_event_log_impl.cc(214)] [23:25:04.333] USB: usb_device_handle_win.cc:1056 Failed to read descriptor from node connection: 시스템에 부착된 장치가 작동하지 않습니다. (0x1F)
4월 05, 2021 23:25:13.53 [1352:10060:0405/232513.536:ERROR:device_event_log_impl.cc(214)] [23:25:13.536] USB: usb_device_handle_win.cc:1056 Failed to read descriptor from node connection: 시스템에 부착된 장치가 작동하지 않습니다. (0x1F)
4월 05, 2021 23:27:06.12 [6668:16300:0405/232706.119:ERROR:device_event_log_impl.cc(214)] [23:27:06.120] USB: usb_device_handle_win.cc:1056 Failed to read descriptor from node connection: 시스템에 부착된 장치가 작동하지 않습니다. (0x1F)
4월 05, 2021 23:30:55.61 [7412:9336:0405/233055.611:ERROR:get_updates_processor.cc(257)] PostClientToServerMessage() failed during GetUpdates with error 2
4월 05, 2021 23:31:09.68 [7332:6616:0405/233109.688:ERROR:device_event_log_impl.cc(214)] [23:31:09.688] USB: usb_device_handle_win.cc:1056 Failed to read descriptor from node connection: 시스템에 부착된 장치가 작동하지 않습니다. (0x1F)
4월 05, 2021 23:55:11.88 [14308:13712:0405/235511.886:ERROR:device_event_log_impl.cc(214)] [23:55:11.886] USB: usb_device_handle_win.cc:1056 Failed to read descriptor from node connection: 시스템에 부착된 장치가 작동하지 않습니다. (0x1F)
4월 06, 2021 24:40:04.23 [16028:15392:0406/004004.234:ERROR:device_event_log_impl.cc(214)] [00:40:04.235] USB: usb_device_handle_win.cc:1056 Failed to read descriptor from node connection: 시스템에 부착된 장치가 작동하지 않습니다. (0x1F)
4월 06, 2021 02:10:42.94 [9480:6780:0406/021042.940:ERROR:device_event_log_impl.cc(214)] [02:10:42.941] USB: usb_device_handle_win.cc:1056 Failed to read descriptor from node connection: 시스템에 부착된 장치가 작동하지 않습니다. (0x1F)
4월 06, 2021 02:13:07.65 [9632:8868:0406/021307.649:ERROR:device_event_log_impl.cc(214)] [02:13:07.650] USB: usb_device_handle_win.cc:1056 Failed to read descriptor from node connection: 시스템에 부착된 장치가 작동하지 않습니다. (0x1F)
4월 06, 2021 02:14:56.64 [15120:15748:0406/021456.641:ERROR:device_event_log_impl.cc(214)] [02:14:56.641] USB: usb_device_handle_win.cc:1056 Failed to read descriptor from node connection: 시스템에 부착된 장치가 작동하지 않습니다. (0x1F)
4월 06, 2021 02:14:56.64 [15120:15748:0406/021456.641:ERROR:device_event_log_impl.cc(214)] [02:14:56.641] USB: usb_device_handle_win.cc:1056 Failed to read descriptor from node connection: 시스템에 부착된 장치가 작동하지 않습니다. (0x1F)
4월 06, 2021 02:20:00.33 [5520:8496:0406/022000.332:ERROR:device_event_log_impl.cc(214)] [02:20:00.332] USB: usb_device_handle_win.cc:1056 Failed to read descriptor from node connection: 시스템에 부착된 장치가 작동하지 않습니다. (0x1F)
4월 06, 2021 02:27:15.60 [5520:8496:0406/022715.605:ERROR:device_event_log_impl.cc(214)] [02:27:15.604] USB: usb_service_win.cc:258 Failed to get device driver name: 요소가 없습니다. (0x490)

4월 06, 2021 21:26:36.25 NEW SESSION
4월 06, 2021 21:26:36.25 [10664:7940:0406/212636.251:ERROR:device_event_log_impl.cc(214)] [21:26:36.252] USB: usb_device_handle_win.cc:1056 Failed to read descriptor from node connection: 시스템에 부착된 장치가 작동하지 않습니다. (0x1F)

4월 06, 2021 21:45:36.14 NEW SESSION
4월 06, 2021 21:45:36.14 [8408:3728:0406/214536.145:ERROR:device_event_log_impl.cc(214)] [21:45:36.145] USB: usb_device_handle_win.cc:1056 Failed to read descriptor from node connection: 시스템에 부착된 장치가 작동하지 않습니다. (0x1F)
4월 06, 2021 22:22:27.82 [7176:13340:0406/222227.824:ERROR:device_event_log_impl.cc(214)] [22:22:27.824] USB: usb_device_handle_win.cc:1056 Failed to read descriptor from node connection: 시스템에 부착된 장치가 작동하지 않습니다. (0x1F)
4월 07, 2021 24:51:45.07 [10952:8100:0407/005145.074:ERROR:device_event_log_impl.cc(214)] [00:51:45.074] USB: usb_device_handle_win.cc:1056 Failed to read descriptor from node connection: 시스템에 부착된 장치가 작동하지 않습니다. (0x1F)
4월 07, 2021 24:54:20.89 [10172:6188:0407/005420.893:ERROR:device_event_log_impl.cc(214)] [00:54:20.893] USB: usb_device_handle_win.cc:1056 Failed to read descriptor from node connection: 시스템에 부착된 장치가 작동하지 않습니다. (0x1F)
4월 07, 2021 24:55:35.91 [1764:7064:0407/005535.910:ERROR:device_event_log_impl.cc(214)] [00:55:35.910] USB: usb_device_handle_win.cc:1056 Failed to read descriptor from node connection: 시스템에 부착된 장치가 작동하지 않습니다. (0x1F)
4월 07, 2021 24:55:54.38 [12612:4092:0407/005554.381:ERROR:device_event_log_impl.cc(214)] [00:55:54.382] USB: usb_device_handle_win.cc:1056 Failed to read descriptor from node connection: 시스템에 부착된 장치가 작동하지 않습니다. (0x1F)
4월 07, 2021 24:57:34.91 [3756:14944:0407/005734.918:ERROR:device_event_log_impl.cc(214)] [00:57:34.917] USB: usb_device_handle_win.cc:1056 Failed to read descriptor from node connection: 시스템에 부착된 장치가 작동하지 않습니다. (0x1F)
4월 07, 2021 01:10:31.30 [11484:1132:0407/011031.303:ERROR:device_event_log_impl.cc(214)] [01:10:31.303] USB: usb_device_handle_win.cc:1056 Failed to read descriptor from node connection: 시스템에 부착된 장치가 작동하지 않습니다. (0x1F)
4월 07, 2021 01:10:31.30 [11484:1132:0407/011031.303:ERROR:device_event_log_impl.cc(214)] [01:10:31.303] USB: usb_device_handle_win.cc:1056 Failed to read descriptor from node connection: 시스템에 부착된 장치가 작동하지 않습니다. (0x1F)
4월 07, 2021 01:43:29.00 [3432:9856:0407/014329.007:ERROR:device_event_log_impl.cc(214)] [01:43:29.006] USB: usb_device_handle_win.cc:1056 Failed to read descriptor from node connection: 시스템에 부착된 장치가 작동하지 않습니다. (0x1F)
4월 07, 2021 01:43:29.01 [3432:9856:0407/014329.007:ERROR:device_event_log_impl.cc(214)] [01:43:29.007] USB: usb_device_handle_win.cc:1056 Failed to read descriptor from node connection: 시스템에 부착된 장치가 작동하지 않습니다. (0x1F)
4월 07, 2021 01:46:49.18 [9728:11300:0407/014649.180:ERROR:device_event_log_impl.cc(214)] [01:46:49.181] USB: usb_device_handle_win.cc:1056 Failed to read descriptor from node connection: 시스템에 부착된 장치가 작동하지 않습니다. (0x1F)
4월 07, 2021 01:58:59.42 [6220:3728:0407/015859.420:ERROR:device_event_log_impl.cc(214)] [01:58:59.421] USB: usb_device_handle_win.cc:1056 Failed to read descriptor from node connection: 시스템에 부착된 장치가 작동하지 않습니다. (0x1F)

4월 07, 2021 23:07:41.40 NEW SESSION
4월 07, 2021 23:07:41.40 [3932:15684:0407/230741.400:ERROR:device_event_log_impl.cc(214)] [23:07:41.401] USB: usb_device_handle_win.cc:1056 Failed to read descriptor from node connection: 시스템에 부착된 장치가 작동하지 않습니다. (0x1F)
4월 07, 2021 23:57:24.36 [3932:15684:0407/235724.368:ERROR:device_event_log_impl.cc(214)] [23:57:24.368] USB: usb_service_win.cc:258 Failed to get device driver name: 요소가 없습니다. (0x490)
4월 08, 2021 24:13:17.58 [9404:8976:0408/001317.583:ERROR:device_event_log_impl.cc(214)] [00:13:17.583] USB: usb_device_handle_win.cc:1056 Failed to read descriptor from node connection: 시스템에 부착된 장치가 작동하지 않습니다. (0x1F)
4월 08, 2021 24:22:52.73 [9072:3436:0408/002252.736:ERROR:device_event_log_impl.cc(214)] [00:22:52.736] USB: usb_device_handle_win.cc:1056 Failed to read descriptor from node connection: 시스템에 부착된 장치가 작동하지 않습니다. (0x1F)
4월 08, 2021 24:22:52.73 [9072:3436:0408/002252.737:ERROR:device_event_log_impl.cc(214)] [00:22:52.737] USB: usb_device_handle_win.cc:1056 Failed to read descriptor from node connection: 시스템에 부착된 장치가 작동하지 않습니다. (0x1F)

4월 08, 2021 24:45:26.45 NEW SESSION
4월 08, 2021 24:45:26.45 [11256:13476:0408/004526.452:ERROR:device_event_log_impl.cc(214)] [00:45:26.452] USB: usb_device_handle_win.cc:1056 Failed to read descriptor from node connection: 시스템에 부착된 장치가 작동하지 않습니다. (0x1F)
4월 08, 2021 24:45:26.45 [11256:13476:0408/004526.453:ERROR:device_event_log_impl.cc(214)] [00:45:26.453] USB: usb_device_handle_win.cc:1056 Failed to read descriptor from node connection: 시스템에 부착된 장치가 작동하지 않습니다. (0x1F)
4월 08, 2021 24:47:41.50 [15292:8244:0408/004741.500:ERROR:device_event_log_impl.cc(214)] [00:47:41.500] USB: usb_device_handle_win.cc:1056 Failed to read descriptor from node connection: 시스템에 부착된 장치가 작동하지 않습니다. (0x1F)
4월 08, 2021 24:48:51.79 [9580:10520:0408/004851.797:ERROR:device_event_log_impl.cc(214)] [00:48:51.798] USB: usb_device_handle_win.cc:1056 Failed to read descriptor from node connection: 시스템에 부착된 장치가 작동하지 않습니다. (0x1F)

4월 08, 2021 10:54:39.67 NEW SESSION
4월 08, 2021 10:54:39.67 [15744:5232:0408/105439.666:ERROR:device_event_log_impl.cc(214)] [10:54:39.666] USB: usb_device_handle_win.cc:1056 Failed to read descriptor from node connection: 시스템에 부착된 장치가 작동하지 않습니다. (0x1F)
4월 08, 2021 10:54:39.67 [15744:5232:0408/105439.666:ERROR:device_event_log_impl.cc(214)] [10:54:39.667] USB: usb_device_handle_win.cc:1056 Failed to read descriptor from node connection: 시스템에 부착된 장치가 작동하지 않습니다. (0x1F)
4월 08, 2021 10:54:58.20 [7556:16152:0408/105458.201:ERROR:device_event_log_impl.cc(214)] [10:54:58.201] USB: usb_device_handle_win.cc:1056 Failed to read descriptor from node connection: 시스템에 부착된 장치가 작동하지 않습니다. (0x1F)
4월 08, 2021 10:54:58.20 [7556:16152:0408/105458.202:ERROR:device_event_log_impl.cc(214)] [10:54:58.203] USB: usb_device_handle_win.cc:1056 Failed to read descriptor from node connection: 시스템에 부착된 장치가 작동하지 않습니다. (0x1F)
4월 08, 2021 10:56:00.60 [11688:10984:0408/105600.608:ERROR:device_event_log_impl.cc(214)] [10:56:00.608] USB: usb_device_handle_win.cc:1056 Failed to read descriptor from node connection: 시스템에 부착된 장치가 작동하지 않습니다. (0x1F)
4월 08, 2021 10:56:00.60 [11688:10984:0408/105600.608:ERROR:device_event_log_impl.cc(214)] [10:56:00.609] USB: usb_device_handle_win.cc:1056 Failed to read descriptor from node connection: 시스템에 부착된 장치가 작동하지 않습니다. (0x1F)
4월 08, 2021 10:58:43.23 [1804:13564:0408/105843.237:ERROR:device_event_log_impl.cc(214)] [10:58:43.236] USB: usb_device_handle_win.cc:1056 Failed to read descriptor from node connection: 시스템에 부착된 장치가 작동하지 않습니다. (0x1F)
4월 08, 2021 10:59:26.83 [5624:1060:0408/105926.837:ERROR:device_event_log_impl.cc(214)] [10:59:26.838] USB: usb_device_handle_win.cc:1056 Failed to read descriptor from node connection: 시스템에 부착된 장치가 작동하지 않습니다. (0x1F)
4월 08, 2021 11:02:10.97 [5624:14048:0408/110210.972:ERROR:connection_factory_impl.cc(428)] Failed to connect to MCS endpoint with error -106
4월 08, 2021 11:02:32.64 [5624:14048:0408/110232.641:ERROR:connection_factory_impl.cc(428)] Failed to connect to MCS endpoint with error -106
4월 08, 2021 11:03:19.13 [5624:14048:0408/110319.135:ERROR:connection_factory_impl.cc(428)] Failed to connect to MCS endpoint with error -105
4월 08, 2021 11:14:33.14 [7248:8376:0408/111433.147:ERROR:device_event_log_impl.cc(214)] [11:14:33.148] USB: usb_device_handle_win.cc:1056 Failed to read descriptor from node connection: 시스템에 부착된 장치가 작동하지 않습니다. (0x1F)
4월 08, 2021 11:15:50.43 [4048:15872:0408/111550.435:ERROR:device_event_log_impl.cc(214)] [11:15:50.435] USB: usb_device_handle_win.cc:1056 Failed to read descriptor from node connection: 시스템에 부착된 장치가 작동하지 않습니다. (0x1F)
4월 08, 2021 11:17:28.61 [11216:15760:0408/111728.617:ERROR:device_event_log_impl.cc(214)] [11:17:28.616] USB: usb_device_handle_win.cc:1056 Failed to read descriptor from node connection: 시스템에 부착된 장치가 작동하지 않습니다. (0x1F)
4월 08, 2021 11:17:28.61 [11216:15760:0408/111728.617:ERROR:device_event_log_impl.cc(214)] [11:17:28.617] USB: usb_device_handle_win.cc:1056 Failed to read descriptor from node connection: 시스템에 부착된 장치가 작동하지 않습니다. (0x1F)
4월 08, 2021 11:19:56.68 [14044:4400:0408/111956.682:ERROR:device_event_log_impl.cc(214)] [11:19:56.682] USB: usb_device_handle_win.cc:1056 Failed to read descriptor from node connection: 시스템에 부착된 장치가 작동하지 않습니다. (0x1F)
4월 08, 2021 11:59:59.06 [12024:13792:0408/115959.062:ERROR:device_event_log_impl.cc(214)] [11:59:59.062] USB: usb_device_handle_win.cc:1056 Failed to read descriptor from node connection: 시스템에 부착된 장치가 작동하지 않습니다. (0x1F)

4월 08, 2021 14:07:07.44 NEW SESSION
4월 08, 2021 14:07:07.44 [244:12600:0408/140707.441:ERROR:device_event_log_impl.cc(214)] [14:07:07.441] USB: usb_device_handle_win.cc:1056 Failed to read descriptor from node connection: 시스템에 부착된 장치가 작동하지 않습니다. (0x1F)
4월 08, 2021 14:07:07.44 [244:12600:0408/140707.442:ERROR:device_event_log_impl.cc(214)] [14:07:07.442] USB: usb_device_handle_win.cc:1056 Failed to read descriptor from node connection: 시스템에 부착된 장치가 작동하지 않습니다. (0x1F)
4월 08, 2021 14:11:03.11 [3112:2500:0408/141103.115:ERROR:device_event_log_impl.cc(214)] [14:11:03.116] USB: usb_device_handle_win.cc:1056 Failed to read descriptor from node connection: 시스템에 부착된 장치가 작동하지 않습니다. (0x1F)
4월 08, 2021 14:11:03.11 [3112:2500:0408/141103.116:ERROR:device_event_log_impl.cc(214)] [14:11:03.116] USB: usb_device_handle_win.cc:1056 Failed to read descriptor from node connection: 시스템에 부착된 장치가 작동하지 않습니다. (0x1F)
4월 08, 2021 14:16:00.53 [1132:10148:0408/141600.533:ERROR:device_event_log_impl.cc(214)] [14:16:00.533] USB: usb_device_handle_win.cc:1056 Failed to read descriptor from node connection: 시스템에 부착된 장치가 작동하지 않습니다. (0x1F)
4월 08, 2021 14:23:36.76 [15364:12900:0408/142336.766:ERROR:device_event_log_impl.cc(214)] [14:23:36.766] USB: usb_device_handle_win.cc:1056 Failed to read descriptor from node connection: 시스템에 부착된 장치가 작동하지 않습니다. (0x1F)
4월 08, 2021 14:55:41.98 [10908:2452:0408/145541.979:ERROR:device_event_log_impl.cc(214)] [14:55:41.980] USB: usb_device_handle_win.cc:1056 Failed to read descriptor from node connection: 시스템에 부착된 장치가 작동하지 않습니다. (0x1F)
4월 08, 2021 15:00:10.52 [14876:10624:0408/150010.526:ERROR:device_event_log_impl.cc(214)] [15:00:10.527] USB: usb_device_handle_win.cc:1056 Failed to read descriptor from node connection: 시스템에 부착된 장치가 작동하지 않습니다. (0x1F)
4월 08, 2021 15:01:39.18 [15300:11112:0408/150139.181:ERROR:device_event_log_impl.cc(214)] [15:01:39.181] USB: usb_device_handle_win.cc:1056 Failed to read descriptor from node connection: 시스템에 부착된 장치가 작동하지 않습니다. (0x1F)

4월 08, 2021 15:33:39.58 NEW SESSION
4월 08, 2021 15:33:39.58 [12840:3932:0408/153339.580:ERROR:device_event_log_impl.cc(214)] [15:33:39.581] USB: usb_device_handle_win.cc:1056 Failed to read descriptor from node connection: 시스템에 부착된 장치가 작동하지 않습니다. (0x1F)
4월 08, 2021 15:34:42.52 [12828:12320:0408/153442.524:ERROR:device_event_log_impl.cc(214)] [15:34:42.524] USB: usb_device_handle_win.cc:1056 Failed to read descriptor from node connection: 시스템에 부착된 장치가 작동하지 않습니다. (0x1F)

4월 08, 2021 16:12:44.47 NEW SESSION
4월 08, 2021 16:12:44.47 [10232:5988:0408/161244.459:ERROR:device_event_log_impl.cc(214)] [16:12:44.460] USB: usb_device_handle_win.cc:1056 Failed to read descriptor from node connection: 시스템에 부착된 장치가 작동하지 않습니다. (0x1F)
4월 08, 2021 16:12:44.47 [10232:5988:0408/161244.460:ERROR:device_event_log_impl.cc(214)] [16:12:44.460] USB: usb_device_handle_win.cc:1056 Failed to read descriptor from node connection: 시스템에 부착된 장치가 작동하지 않습니다. (0x1F)
4월 08, 2021 16:52:13.13 [4100:5764:0408/165213.136:ERROR:device_event_log_impl.cc(214)] [16:52:13.136] USB: usb_device_handle_win.cc:1056 Failed to read descriptor from node connection: 시스템에 부착된 장치가 작동하지 않습니다. (0x1F)
4월 08, 2021 16:53:54.80 [10832:12664:0408/165354.801:ERROR:get_updates_processor.cc(257)] PostClientToServerMessage() failed during GetUpdates with error 2
4월 08, 2021 16:55:40.67 [9456:2816:0408/165540.669:ERROR:device_event_log_impl.cc(214)] [16:55:40.669] USB: usb_device_handle_win.cc:1056 Failed to read descriptor from node connection: 시스템에 부착된 장치가 작동하지 않습니다. (0x1F)

4월 08, 2021 23:41:47.40 NEW SESSION
4월 08, 2021 23:41:47.40 [7292:12452:0408/234147.399:ERROR:device_event_log_impl.cc(214)] [23:41:47.399] USB: usb_device_handle_win.cc:1056 Failed to read descriptor from node connection: 시스템에 부착된 장치가 작동하지 않습니다. (0x1F)
4월 08, 2021 23:41:47.40 [7292:12452:0408/234147.399:ERROR:device_event_log_impl.cc(214)] [23:41:47.399] USB: usb_device_handle_win.cc:1056 Failed to read descriptor from node connection: 시스템에 부착된 장치가 작동하지 않습니다. (0x1F)
4월 08, 2021 23:48:33.64 [7176:3540:0408/234833.648:ERROR:device_event_log_impl.cc(214)] [23:48:33.649] USB: usb_device_handle_win.cc:1056 Failed to read descriptor from node connection: 시스템에 부착된 장치가 작동하지 않습니다. (0x1F)
4월 08, 2021 23:48:33.65 [7176:3540:0408/234833.649:ERROR:device_event_log_impl.cc(214)] [23:48:33.649] USB: usb_device_handle_win.cc:1056 Failed to read descriptor from node connection: 시스템에 부착된 장치가 작동하지 않습니다. (0x1F)
4월 08, 2021 23:52:55.07 [6672:3992:0408/235255.071:ERROR:device_event_log_impl.cc(214)] [23:52:55.071] USB: usb_device_handle_win.cc:1056 Failed to read descriptor from node connection: 시스템에 부착된 장치가 작동하지 않습니다. (0x1F)
4월 08, 2021 23:57:32.23 [6520:12472:0408/235732.233:ERROR:device_event_log_impl.cc(214)] [23:57:32.233] USB: usb_device_handle_win.cc:1056 Failed to read descriptor from node connection: 시스템에 부착된 장치가 작동하지 않습니다. (0x1F)
4월 09, 2021 24:03:06.79 [8252:12576:0409/000306.791:ERROR:device_event_log_impl.cc(214)] [00:03:06.791] USB: usb_device_handle_win.cc:1056 Failed to read descriptor from node connection: 시스템에 부착된 장치가 작동하지 않습니다. (0x1F)
4월 09, 2021 24:03:06.79 [8252:12576:0409/000306.791:ERROR:device_event_log_impl.cc(214)] [00:03:06.791] USB: usb_device_handle_win.cc:1056 Failed to read descriptor from node connection: 시스템에 부착된 장치가 작동하지 않습니다. (0x1F)
4월 09, 2021 24:04:04.53 [10292:10688:0409/000404.538:ERROR:data_type_manager_impl.cc(472)] Autofill Wallet datatype error was encountered: Backend failed to download and configure type.
4월 09, 2021 24:04:14.22 [10292:10688:0409/000414.223:ERROR:device_event_log_impl.cc(214)] [00:04:14.222] USB: usb_device_handle_win.cc:1056 Failed to read descriptor from node connection: 시스템에 부착된 장치가 작동하지 않습니다. (0x1F)
4월 09, 2021 24:05:10.39 [14848:5464:0409/000510.392:ERROR:device_event_log_impl.cc(214)] [00:05:10.392] USB: usb_device_handle_win.cc:1056 Failed to read descriptor from node connection: 시스템에 부착된 장치가 작동하지 않습니다. (0x1F)
4월 09, 2021 24:05:10.39 [14848:5464:0409/000510.392:ERROR:device_event_log_impl.cc(214)] [00:05:10.392] USB: usb_device_handle_win.cc:1056 Failed to read descriptor from node connection: 시스템에 부착된 장치가 작동하지 않습니다. (0x1F)
4월 09, 2021 24:14:57.25 [10456:4576:0409/001457.251:ERROR:device_event_log_impl.cc(214)] [00:14:57.251] USB: usb_device_handle_win.cc:1056 Failed to read descriptor from node connection: 시스템에 부착된 장치가 작동하지 않습니다. (0x1F)
4월 09, 2021 24:46:20.24 [8528:14588:0409/004620.247:ERROR:device_event_log_impl.cc(214)] [00:46:20.247] USB: usb_device_handle_win.cc:1056 Failed to read descriptor from node connection: 시스템에 부착된 장치가 작동하지 않습니다. (0x1F)
4월 09, 2021 01:51:04.86 [13232:2540:0409/015104.865:ERROR:device_event_log_impl.cc(214)] [01:51:04.865] USB: usb_device_handle_win.cc:1056 Failed to read descriptor from node connection: 시스템에 부착된 장치가 작동하지 않습니다. (0x1F)
4월 09, 2021 01:51:04.86 [13232:2540:0409/015104.865:ERROR:device_event_log_impl.cc(214)] [01:51:04.865] USB: usb_device_handle_win.cc:1056 Failed to read descriptor from node connection: 시스템에 부착된 장치가 작동하지 않습니다. (0x1F)
4월 09, 2021 01:51:39.06 [13152:6524:0409/015139.063:ERROR:device_event_log_impl.cc(214)] [01:51:39.064] USB: usb_device_handle_win.cc:1056 Failed to read descriptor from node connection: 시스템에 부착된 장치가 작동하지 않습니다. (0x1F)
4월 09, 2021 01:55:54.34 [13512:14432:0409/015554.347:ERROR:device_event_log_impl.cc(214)] [01:55:54.346] USB: usb_device_handle_win.cc:1056 Failed to read descriptor from node connection: 시스템에 부착된 장치가 작동하지 않습니다. (0x1F)
4월 09, 2021 02:00:51.19 [4904:6432:0409/020051.191:ERROR:device_event_log_impl.cc(214)] [02:00:51.191] USB: usb_device_handle_win.cc:1056 Failed to read descriptor from node connection: 시스템에 부착된 장치가 작동하지 않습니다. (0x1F)
4월 09, 2021 02:01:58.63 [7436:5992:0409/020158.636:ERROR:device_event_log_impl.cc(214)] [02:01:58.635] USB: usb_device_handle_win.cc:1056 Failed to read descriptor from node connection: 시스템에 부착된 장치가 작동하지 않습니다. (0x1F)
4월 09, 2021 02:09:28.06 [2660:10960:0409/020928.060:ERROR:device_event_log_impl.cc(214)] [02:09:28.059] USB: usb_device_handle_win.cc:1056 Failed to read descriptor from node connection: 시스템에 부착된 장치가 작동하지 않습니다. (0x1F)
4월 09, 2021 02:09:28.06 [2660:10960:0409/020928.061:ERROR:device_event_log_impl.cc(214)] [02:09:28.061] USB: usb_device_handle_win.cc:1056 Failed to read descriptor from node connection: 시스템에 부착된 장치가 작동하지 않습니다. (0x1F)
4월 09, 2021 02:12:03.21 [4932:1540:0409/021203.212:ERROR:device_event_log_impl.cc(214)] [02:12:03.212] USB: usb_device_handle_win.cc:1056 Failed to read descriptor from node connection: 시스템에 부착된 장치가 작동하지 않습니다. (0x1F)
4월 09, 2021 02:16:46.03 [7840:11652:0409/021646.036:ERROR:device_event_log_impl.cc(214)] [02:16:46.036] USB: usb_device_handle_win.cc:1056 Failed to read descriptor from node connection: 시스템에 부착된 장치가 작동하지 않습니다. (0x1F)
4월 09, 2021 02:16:46.03 [7840:11652:0409/021646.038:ERROR:device_event_log_impl.cc(214)] [02:16:46.038] USB: usb_device_handle_win.cc:1056 Failed to read descriptor from node connection: 시스템에 부착된 장치가 작동하지 않습니다. (0x1F)
4월 09, 2021 02:22:43.10 [4884:4624:0409/022243.102:ERROR:device_event_log_impl.cc(214)] [02:22:43.102] USB: usb_device_handle_win.cc:1056 Failed to read descriptor from node connection: 시스템에 부착된 장치가 작동하지 않습니다. (0x1F)
4월 09, 2021 02:23:38.98 [924:2732:0409/022338.979:ERROR:device_event_log_impl.cc(214)] [02:23:38.979] USB: usb_device_handle_win.cc:1056 Failed to read descriptor from node connection: 시스템에 부착된 장치가 작동하지 않습니다. (0x1F)

4월 09, 2021 09:54:12.66 NEW SESSION
4월 09, 2021 09:54:12.66 [4396:1016:0409/095412.645:ERROR:device_event_log_impl.cc(214)] [09:54:12.645] USB: usb_device_handle_win.cc:1056 Failed to read descriptor from node connection: 시스템에 부착된 장치가 작동하지 않습니다. (0x1F)

4월 10, 2021 24:56:20.69 NEW SESSION
4월 10, 2021 24:56:20.69 [11412:13716:0410/005620.686:ERROR:device_event_log_impl.cc(214)] [00:56:20.686] USB: usb_device_handle_win.cc:1056 Failed to read descriptor from node connection: 시스템에 부착된 장치가 작동하지 않습니다. (0x1F)
4월 10, 2021 24:56:20.69 [11412:13716:0410/005620.687:ERROR:device_event_log_impl.cc(214)] [00:56:20.687] USB: usb_device_handle_win.cc:1056 Failed to read descriptor from node connection: 시스템에 부착된 장치가 작동하지 않습니다. (0x1F)
4월 10, 2021 01:05:16.42 [5480:3260:0410/010516.425:ERROR:device_event_log_impl.cc(214)] [01:05:16.425] USB: usb_device_handle_win.cc:1056 Failed to read descriptor from node connection: 시스템에 부착된 장치가 작동하지 않습니다. (0x1F)
4월 10, 2021 01:24:21.44 [6884:13268:0410/012421.446:ERROR:device_event_log_impl.cc(214)] [01:24:21.446] USB: usb_device_handle_win.cc:1056 Failed to read descriptor from node connection: 시스템에 부착된 장치가 작동하지 않습니다. (0x1F)
4월 10, 2021 01:24:21.44 [6884:13268:0410/012421.447:ERROR:device_event_log_impl.cc(214)] [01:24:21.447] USB: usb_device_handle_win.cc:1056 Failed to read descriptor from node connection: 시스템에 부착된 장치가 작동하지 않습니다. (0x1F)
4월 10, 2021 01:25:14.29 [9948:12584:0410/012514.298:ERROR:device_event_log_impl.cc(214)] [01:25:14.298] USB: usb_device_handle_win.cc:1056 Failed to read descriptor from node connection: 시스템에 부착된 장치가 작동하지 않습니다. (0x1F)
4월 10, 2021 01:35:28.21 [16216:13092:0410/013528.217:ERROR:device_event_log_impl.cc(214)] [01:35:28.216] USB: usb_device_handle_win.cc:1056 Failed to read descriptor from node connection: 시스템에 부착된 장치가 작동하지 않습니다. (0x1F)
4월 10, 2021 01:41:21.00 [2748:13580:0410/014121.007:ERROR:device_event_log_impl.cc(214)] [01:41:21.007] USB: usb_device_handle_win.cc:1056 Failed to read descriptor from node connection: 시스템에 부착된 장치가 작동하지 않습니다. (0x1F)
4월 10, 2021 01:55:21.05 [8048:11596:0410/015521.057:ERROR:device_event_log_impl.cc(214)] [01:55:21.057] USB: usb_device_handle_win.cc:1056 Failed to read descriptor from node connection: 시스템에 부착된 장치가 작동하지 않습니다. (0x1F)
4월 10, 2021 01:58:23.26 [15564:12356:0410/015823.262:ERROR:device_event_log_impl.cc(214)] [01:58:23.262] USB: usb_device_handle_win.cc:1056 Failed to read descriptor from node connection: 시스템에 부착된 장치가 작동하지 않습니다. (0x1F)
4월 10, 2021 02:15:35.95 [13752:1164:0410/021535.952:ERROR:device_event_log_impl.cc(214)] [02:15:35.952] USB: usb_device_handle_win.cc:1056 Failed to read descriptor from node connection: 시스템에 부착된 장치가 작동하지 않습니다. (0x1F)

4월 11, 2021 01:33:12.24 NEW SESSION
4월 11, 2021 01:33:12.24 [2400:7276:0411/013312.246:ERROR:device_event_log_impl.cc(214)] [01:33:12.246] USB: usb_device_handle_win.cc:1056 Failed to read descriptor from node connection: 시스템에 부착된 장치가 작동하지 않습니다. (0x1F)
4월 11, 2021 01:59:28.78 [15624:13396:0411/015928.786:ERROR:device_event_log_impl.cc(214)] [01:59:28.787] USB: usb_device_handle_win.cc:1056 Failed to read descriptor from node connection: 시스템에 부착된 장치가 작동하지 않습니다. (0x1F)
4월 11, 2021 02:03:02.86 [4384:12300:0411/020302.866:ERROR:device_event_log_impl.cc(214)] [02:03:02.866] USB: usb_device_handle_win.cc:1056 Failed to read descriptor from node connection: 시스템에 부착된 장치가 작동하지 않습니다. (0x1F)
4월 11, 2021 02:03:02.86 [4384:12300:0411/020302.866:ERROR:device_event_log_impl.cc(214)] [02:03:02.866] USB: usb_device_handle_win.cc:1056 Failed to read descriptor from node connection: 시스템에 부착된 장치가 작동하지 않습니다. (0x1F)
4월 11, 2021 02:03:28.96 [12328:11812:0411/020328.968:ERROR:device_event_log_impl.cc(214)] [02:03:28.969] USB: usb_device_handle_win.cc:1056 Failed to read descriptor from node connection: 시스템에 부착된 장치가 작동하지 않습니다. (0x1F)
4월 11, 2021 02:03:35.32 [13796:10768:0411/020335.321:ERROR:device_event_log_impl.cc(214)] [02:03:35.321] USB: usb_device_handle_win.cc:1056 Failed to read descriptor from node connection: 시스템에 부착된 장치가 작동하지 않습니다. (0x1F)
4월 11, 2021 02:12:01.63 [13832:4296:0411/021201.629:ERROR:device_event_log_impl.cc(214)] [02:12:01.629] USB: usb_device_handle_win.cc:1056 Failed to read descriptor from node connection: 시스템에 부착된 장치가 작동하지 않습니다. (0x1F)
4월 11, 2021 02:12:53.46 [13276:10344:0411/021253.465:ERROR:device_event_log_impl.cc(214)] [02:12:53.465] USB: usb_device_handle_win.cc:1056 Failed to read descriptor from node connection: 시스템에 부착된 장치가 작동하지 않습니다. (0x1F)
4월 11, 2021 02:12:53.46 [13276:10344:0411/021253.465:ERROR:device_event_log_impl.cc(214)] [02:12:53.465] USB: usb_device_handle_win.cc:1056 Failed to read descriptor from node connection: 시스템에 부착된 장치가 작동하지 않습니다. (0x1F)
4월 11, 2021 02:18:53.40 [10520:13796:0411/021853.408:ERROR:device_event_log_impl.cc(214)] [02:18:53.408] USB: usb_device_handle_win.cc:1056 Failed to read descriptor from node connection: 시스템에 부착된 장치가 작동하지 않습니다. (0x1F)
4월 11, 2021 02:19:43.20 [11200:4176:0411/021943.203:ERROR:device_event_log_impl.cc(214)] [02:19:43.203] USB: usb_device_handle_win.cc:1056 Failed to read descriptor from node connection: 시스템에 부착된 장치가 작동하지 않습니다. (0x1F)
4월 11, 2021 02:25:20.82 [13388:9008:0411/022520.828:ERROR:device_event_log_impl.cc(214)] [02:25:20.828] USB: usb_device_handle_win.cc:1056 Failed to read descriptor from node connection: 시스템에 부착된 장치가 작동하지 않습니다. (0x1F)
4월 11, 2021 02:25:20.82 [13388:9008:0411/022520.828:ERROR:device_event_log_impl.cc(214)] [02:25:20.828] USB: usb_device_handle_win.cc:1056 Failed to read descriptor from node connection: 시스템에 부착된 장치가 작동하지 않습니다. (0x1F)
4월 11, 2021 02:52:16.71 [2388:2036:0411/025216.713:ERROR:device_event_log_impl.cc(214)] [02:52:16.713] USB: usb_device_handle_win.cc:1056 Failed to read descriptor from node connection: 시스템에 부착된 장치가 작동하지 않습니다. (0x1F)
4월 11, 2021 02:53:37.28 [13980:16104:0411/025337.286:ERROR:device_event_log_impl.cc(214)] [02:53:37.286] USB: usb_device_handle_win.cc:1056 Failed to read descriptor from node connection: 시스템에 부착된 장치가 작동하지 않습니다. (0x1F)
4월 11, 2021 03:06:04.27 [8240:7276:0411/030604.272:ERROR:device_event_log_impl.cc(214)] [03:06:04.273] USB: usb_device_handle_win.cc:1056 Failed to read descriptor from node connection: 시스템에 부착된 장치가 작동하지 않습니다. (0x1F)
4월 11, 2021 03:06:04.27 [8240:7276:0411/030604.273:ERROR:device_event_log_impl.cc(214)] [03:06:04.274] USB: usb_device_handle_win.cc:1056 Failed to read descriptor from node connection: 시스템에 부착된 장치가 작동하지 않습니다. (0x1F)
4월 11, 2021 03:10:26.22 [10200:13744:0411/031026.219:ERROR:device_event_log_impl.cc(214)] [03:10:26.219] USB: usb_device_handle_win.cc:1056 Failed to read descriptor from node connection: 시스템에 부착된 장치가 작동하지 않습니다. (0x1F)
4월 11, 2021 03:52:07.67 [4756:15772:0411/035207.669:ERROR:device_event_log_impl.cc(214)] [03:52:07.669] USB: usb_device_handle_win.cc:1056 Failed to read descriptor from node connection: 시스템에 부착된 장치가 작동하지 않습니다. (0x1F)
4월 11, 2021 03:55:45.65 [9596:1360:0411/035545.651:ERROR:device_event_log_impl.cc(214)] [03:55:45.651] USB: usb_device_handle_win.cc:1056 Failed to read descriptor from node connection: 시스템에 부착된 장치가 작동하지 않습니다. (0x1F)
4월 11, 2021 03:58:05.86 [3460:7032:0411/035805.859:ERROR:device_event_log_impl.cc(214)] [03:58:05.860] USB: usb_device_handle_win.cc:1056 Failed to read descriptor from node connection: 시스템에 부착된 장치가 작동하지 않습니다. (0x1F)
4월 11, 2021 03:59:51.09 [12832:1752:0411/035951.091:ERROR:device_event_log_impl.cc(214)] [03:59:51.092] USB: usb_device_handle_win.cc:1056 Failed to read descriptor from node connection: 시스템에 부착된 장치가 작동하지 않습니다. (0x1F)
4월 11, 2021 04:15:48.82 [1996:10404:0411/041548.825:ERROR:device_event_log_impl.cc(214)] [04:15:48.825] USB: usb_device_handle_win.cc:1056 Failed to read descriptor from node connection: 시스템에 부착된 장치가 작동하지 않습니다. (0x1F)
4월 11, 2021 04:15:48.82 [1996:10404:0411/041548.825:ERROR:device_event_log_impl.cc(214)] [04:15:48.825] USB: usb_device_handle_win.cc:1056 Failed to read descriptor from node connection: 시스템에 부착된 장치가 작동하지 않습니다. (0x1F)
4월 11, 2021 04:16:10.88 [15944:1904:0411/041610.884:ERROR:device_event_log_impl.cc(214)] [04:16:10.885] USB: usb_device_handle_win.cc:1056 Failed to read descriptor from node connection: 시스템에 부착된 장치가 작동하지 않습니다. (0x1F)
4월 11, 2021 04:16:10.88 [15944:1904:0411/041610.884:ERROR:device_event_log_impl.cc(214)] [04:16:10.885] USB: usb_device_handle_win.cc:1056 Failed to read descriptor from node connection: 시스템에 부착된 장치가 작동하지 않습니다. (0x1F)
4월 11, 2021 04:20:27.01 [596:11040:0411/042027.011:ERROR:device_event_log_impl.cc(214)] [04:20:27.011] USB: usb_device_handle_win.cc:1056 Failed to read descriptor from node connection: 시스템에 부착된 장치가 작동하지 않습니다. (0x1F)
4월 11, 2021 04:41:42.60 [12548:3964:0411/044142.602:ERROR:device_event_log_impl.cc(214)] [04:41:42.602] USB: usb_device_handle_win.cc:1056 Failed to read descriptor from node connection: 시스템에 부착된 장치가 작동하지 않습니다. (0x1F)
4월 11, 2021 04:42:37.20 [5384:6924:0411/044237.200:ERROR:device_event_log_impl.cc(214)] [04:42:37.200] USB: usb_device_handle_win.cc:1056 Failed to read descriptor from node connection: 시스템에 부착된 장치가 작동하지 않습니다. (0x1F)
4월 11, 2021 04:44:13.31 [10500:7924:0411/044413.313:ERROR:device_event_log_impl.cc(214)] [04:44:13.312] USB: usb_device_handle_win.cc:1056 Failed to read descriptor from node connection: 시스템에 부착된 장치가 작동하지 않습니다. (0x1F)
4월 11, 2021 04:44:13.31 [10500:7924:0411/044413.313:ERROR:device_event_log_impl.cc(214)] [04:44:13.313] USB: usb_device_handle_win.cc:1056 Failed to read descriptor from node connection: 시스템에 부착된 장치가 작동하지 않습니다. (0x1F)
4월 11, 2021 04:46:28.04 [6420:5608:0411/044628.047:ERROR:device_event_log_impl.cc(214)] [04:46:28.048] USB: usb_device_handle_win.cc:1056 Failed to read descriptor from node connection: 시스템에 부착된 장치가 작동하지 않습니다. (0x1F)
4월 11, 2021 04:46:28.04 [6420:5608:0411/044628.047:ERROR:device_event_log_impl.cc(214)] [04:46:28.048] USB: usb_device_handle_win.cc:1056 Failed to read descriptor from node connection: 시스템에 부착된 장치가 작동하지 않습니다. (0x1F)
4월 11, 2021 04:46:52.17 [9824:2668:0411/044652.171:ERROR:device_event_log_impl.cc(214)] [04:46:52.171] USB: usb_device_handle_win.cc:1056 Failed to read descriptor from node connection: 시스템에 부착된 장치가 작동하지 않습니다. (0x1F)
4월 11, 2021 04:50:45.43 [14644:15036:0411/045045.434:ERROR:device_event_log_impl.cc(214)] [04:50:45.435] USB: usb_device_handle_win.cc:1056 Failed to read descriptor from node connection: 시스템에 부착된 장치가 작동하지 않습니다. (0x1F)
4월 11, 2021 04:53:08.52 [3260:10168:0411/045308.522:ERROR:device_event_log_impl.cc(214)] [04:53:08.523] USB: usb_device_handle_win.cc:1056 Failed to read descriptor from node connection: 시스템에 부착된 장치가 작동하지 않습니다. (0x1F)
4월 11, 2021 04:55:37.04 [14784:2828:0411/045537.043:ERROR:device_event_log_impl.cc(214)] [04:55:37.043] USB: usb_device_handle_win.cc:1056 Failed to read descriptor from node connection: 시스템에 부착된 장치가 작동하지 않습니다. (0x1F)
4월 11, 2021 04:55:37.04 [14784:2828:0411/045537.043:ERROR:device_event_log_impl.cc(214)] [04:55:37.043] USB: usb_device_handle_win.cc:1056 Failed to read descriptor from node connection: 시스템에 부착된 장치가 작동하지 않습니다. (0x1F)
4월 11, 2021 04:55:57.48 [2664:11548:0411/045557.489:ERROR:device_event_log_impl.cc(214)] [04:55:57.489] USB: usb_device_handle_win.cc:1056 Failed to read descriptor from node connection: 시스템에 부착된 장치가 작동하지 않습니다. (0x1F)
4월 11, 2021 04:56:35.94 [4284:7580:0411/045635.946:ERROR:device_event_log_impl.cc(214)] [04:56:35.946] USB: usb_device_handle_win.cc:1056 Failed to read descriptor from node connection: 시스템에 부착된 장치가 작동하지 않습니다. (0x1F)
4월 11, 2021 04:56:35.94 [4284:7580:0411/045635.947:ERROR:device_event_log_impl.cc(214)] [04:56:35.947] USB: usb_device_handle_win.cc:1056 Failed to read descriptor from node connection: 시스템에 부착된 장치가 작동하지 않습니다. (0x1F)
4월 11, 2021 04:57:13.33 [12264:12548:0411/045713.336:ERROR:device_event_log_impl.cc(214)] [04:57:13.336] USB: usb_device_handle_win.cc:1056 Failed to read descriptor from node connection: 시스템에 부착된 장치가 작동하지 않습니다. (0x1F)
4월 11, 2021 04:57:40.15 [7636:7296:0411/045740.157:ERROR:device_event_log_impl.cc(214)] [04:57:40.157] USB: usb_device_handle_win.cc:1056 Failed to read descriptor from node connection: 시스템에 부착된 장치가 작동하지 않습니다. (0x1F)
4월 11, 2021 05:06:57.81 [15460:14644:0411/050657.818:ERROR:device_event_log_impl.cc(214)] [05:06:57.819] USB: usb_device_handle_win.cc:1056 Failed to read descriptor from node connection: 시스템에 부착된 장치가 작동하지 않습니다. (0x1F)
4월 11, 2021 05:07:20.11 [1248:4896:0411/050720.117:ERROR:device_event_log_impl.cc(214)] [05:07:20.117] USB: usb_device_handle_win.cc:1056 Failed to read descriptor from node connection: 시스템에 부착된 장치가 작동하지 않습니다. (0x1F)
4월 11, 2021 05:08:48.90 [11308:3264:0411/050848.901:ERROR:device_event_log_impl.cc(214)] [05:08:48.901] USB: usb_device_handle_win.cc:1056 Failed to read descriptor from node connection: 시스템에 부착된 장치가 작동하지 않습니다. (0x1F)
4월 11, 2021 05:10:41.50 [240:10248:0411/051041.507:ERROR:device_event_log_impl.cc(214)] [05:10:41.508] USB: usb_device_handle_win.cc:1056 Failed to read descriptor from node connection: 시스템에 부착된 장치가 작동하지 않습니다. (0x1F)
4월 11, 2021 05:11:00.22 [6216:5924:0411/051100.220:ERROR:device_event_log_impl.cc(214)] [05:11:00.220] USB: usb_device_handle_win.cc:1056 Failed to read descriptor from node connection: 시스템에 부착된 장치가 작동하지 않습니다. (0x1F)
4월 11, 2021 05:12:49.29 [13864:8056:0411/051249.294:ERROR:device_event_log_impl.cc(214)] [05:12:49.294] USB: usb_device_handle_win.cc:1056 Failed to read descriptor from node connection: 시스템에 부착된 장치가 작동하지 않습니다. (0x1F)
4월 11, 2021 05:12:59.26 [14716:852:0411/051259.261:ERROR:device_event_log_impl.cc(214)] [05:12:59.262] USB: usb_device_handle_win.cc:1056 Failed to read descriptor from node connection: 시스템에 부착된 장치가 작동하지 않습니다. (0x1F)
4월 11, 2021 05:13:38.34 [14992:14584:0411/051338.340:ERROR:device_event_log_impl.cc(214)] [05:13:38.341] USB: usb_device_handle_win.cc:1056 Failed to read descriptor from node connection: 시스템에 부착된 장치가 작동하지 않습니다. (0x1F)
4월 11, 2021 05:15:14.83 [14216:1348:0411/051514.830:ERROR:device_event_log_impl.cc(214)] [05:15:14.831] USB: usb_device_handle_win.cc:1056 Failed to read descriptor from node connection: 시스템에 부착된 장치가 작동하지 않습니다. (0x1F)

4월 11, 2021 14:45:51.18 NEW SESSION
4월 11, 2021 14:45:51.19 [10636:14084:0411/144551.185:ERROR:device_event_log_impl.cc(214)] [14:45:51.185] USB: usb_device_handle_win.cc:1056 Failed to read descriptor from node connection: 시스템에 부착된 장치가 작동하지 않습니다. (0x1F)
4월 11, 2021 14:47:12.64 [1128:7296:0411/144712.643:ERROR:device_event_log_impl.cc(214)] [14:47:12.643] USB: usb_device_handle_win.cc:1056 Failed to read descriptor from node connection: 시스템에 부착된 장치가 작동하지 않습니다. (0x1F)
4월 11, 2021 14:47:12.64 [1128:7296:0411/144712.644:ERROR:device_event_log_impl.cc(214)] [14:47:12.644] USB: usb_device_handle_win.cc:1056 Failed to read descriptor from node connection: 시스템에 부착된 장치가 작동하지 않습니다. (0x1F)
4월 11, 2021 14:49:34.18 [11660:10160:0411/144934.184:ERROR:device_event_log_impl.cc(214)] [14:49:34.184] USB: usb_device_handle_win.cc:1056 Failed to read descriptor from node connection: 시스템에 부착된 장치가 작동하지 않습니다. (0x1F)
4월 11, 2021 14:49:34.18 [11660:10160:0411/144934.185:ERROR:device_event_log_impl.cc(214)] [14:49:34.185] USB: usb_device_handle_win.cc:1056 Failed to read descriptor from node connection: 시스템에 부착된 장치가 작동하지 않습니다. (0x1F)
4월 11, 2021 14:54:59.91 [7864:2444:0411/145459.910:ERROR:device_event_log_impl.cc(214)] [14:54:59.910] USB: usb_device_handle_win.cc:1056 Failed to read descriptor from node connection: 시스템에 부착된 장치가 작동하지 않습니다. (0x1F)
4월 11, 2021 14:57:14.01 [7840:6644:0411/145714.017:ERROR:device_event_log_impl.cc(214)] [14:57:14.017] USB: usb_device_handle_win.cc:1056 Failed to read descriptor from node connection: 시스템에 부착된 장치가 작동하지 않습니다. (0x1F)
4월 11, 2021 14:57:14.01 [7840:6644:0411/145714.017:ERROR:device_event_log_impl.cc(214)] [14:57:14.017] USB: usb_device_handle_win.cc:1056 Failed to read descriptor from node connection: 시스템에 부착된 장치가 작동하지 않습니다. (0x1F)
4월 11, 2021 15:47:17.02 [15264:14628:0411/154717.020:ERROR:device_event_log_impl.cc(214)] [15:47:17.020] USB: usb_device_handle_win.cc:1056 Failed to read descriptor from node connection: 시스템에 부착된 장치가 작동하지 않습니다. (0x1F)
4월 11, 2021 15:48:53.63 [11428:14392:0411/154853.637:ERROR:device_event_log_impl.cc(214)] [15:48:53.638] USB: usb_device_handle_win.cc:1056 Failed to read descriptor from node connection: 시스템에 부착된 장치가 작동하지 않습니다. (0x1F)
4월 11, 2021 15:57:30.53 [15648:16136:0411/155730.529:ERROR:device_event_log_impl.cc(214)] [15:57:30.529] USB: usb_device_handle_win.cc:1056 Failed to read descriptor from node connection: 시스템에 부착된 장치가 작동하지 않습니다. (0x1F)
4월 11, 2021 15:59:51.74 [14968:6948:0411/155951.746:ERROR:device_event_log_impl.cc(214)] [15:59:51.746] USB: usb_device_handle_win.cc:1056 Failed to read descriptor from node connection: 시스템에 부착된 장치가 작동하지 않습니다. (0x1F)
4월 11, 2021 16:01:31.53 [10616:10768:0411/160131.538:ERROR:device_event_log_impl.cc(214)] [16:01:31.538] USB: usb_device_handle_win.cc:1056 Failed to read descriptor from node connection: 시스템에 부착된 장치가 작동하지 않습니다. (0x1F)
4월 11, 2021 16:01:32.15 [10616:10768:0411/160132.155:ERROR:data_type_manager_impl.cc(472)] Autofill Wallet datatype error was encountered: Backend failed to download and configure type.
4월 11, 2021 16:02:05.34 [13792:6524:0411/160205.341:ERROR:data_type_manager_impl.cc(472)] Autofill Wallet datatype error was encountered: Backend failed to download and configure type.
4월 11, 2021 16:02:13.07 [13792:6524:0411/160213.076:ERROR:device_event_log_impl.cc(214)] [16:02:13.077] USB: usb_device_handle_win.cc:1056 Failed to read descriptor from node connection: 시스템에 부착된 장치가 작동하지 않습니다. (0x1F)
4월 11, 2021 16:04:15.06 [3884:14052:0411/160415.066:ERROR:device_event_log_impl.cc(214)] [16:04:15.066] USB: usb_device_handle_win.cc:1056 Failed to read descriptor from node connection: 시스템에 부착된 장치가 작동하지 않습니다. (0x1F)
4월 11, 2021 16:04:15.07 [3884:14052:0411/160415.067:ERROR:device_event_log_impl.cc(214)] [16:04:15.067] USB: usb_device_handle_win.cc:1056 Failed to read descriptor from node connection: 시스템에 부착된 장치가 작동하지 않습니다. (0x1F)
4월 11, 2021 16:04:15.30 [3884:14052:0411/160415.305:ERROR:data_type_manager_impl.cc(472)] Autofill Wallet datatype error was encountered: Backend failed to download and configure type.
4월 11, 2021 16:05:32.28 [10004:1872:0411/160532.286:ERROR:device_event_log_impl.cc(214)] [16:05:32.287] USB: usb_device_handle_win.cc:1056 Failed to read descriptor from node connection: 시스템에 부착된 장치가 작동하지 않습니다. (0x1F)
4월 11, 2021 16:05:32.28 [10004:1872:0411/160532.287:ERROR:device_event_log_impl.cc(214)] [16:05:32.287] USB: usb_device_handle_win.cc:1056 Failed to read descriptor from node connection: 시스템에 부착된 장치가 작동하지 않습니다. (0x1F)
4월 11, 2021 16:06:11.36 [12376:8036:0411/160611.369:ERROR:device_event_log_impl.cc(214)] [16:06:11.369] USB: usb_device_handle_win.cc:1056 Failed to read descriptor from node connection: 시스템에 부착된 장치가 작동하지 않습니다. (0x1F)
4월 11, 2021 16:07:07.63 [7704:5000:0411/160707.633:ERROR:data_type_manager_impl.cc(472)] Autofill Wallet datatype error was encountered: Backend failed to download and configure type.
4월 11, 2021 16:07:09.35 [7704:5000:0411/160709.353:ERROR:device_event_log_impl.cc(214)] [16:07:09.353] USB: usb_device_handle_win.cc:1056 Failed to read descriptor from node connection: 시스템에 부착된 장치가 작동하지 않습니다. (0x1F)
4월 11, 2021 16:07:22.80 [12384:15696:0411/160722.806:ERROR:data_type_manager_impl.cc(472)] Autofill Wallet datatype error was encountered: Backend failed to download and configure type.
4월 11, 2021 16:07:42.00 [15100:7088:0411/160742.001:ERROR:device_event_log_impl.cc(214)] [16:07:42.002] USB: usb_device_handle_win.cc:1056 Failed to read descriptor from node connection: 시스템에 부착된 장치가 작동하지 않습니다. (0x1F)
4월 11, 2021 16:08:40.70 [13572:14516:0411/160840.700:ERROR:device_event_log_impl.cc(214)] [16:08:40.701] USB: usb_device_handle_win.cc:1056 Failed to read descriptor from node connection: 시스템에 부착된 장치가 작동하지 않습니다. (0x1F)
4월 11, 2021 16:09:25.05 [14060:6020:0411/160925.053:ERROR:device_event_log_impl.cc(214)] [16:09:25.053] USB: usb_device_handle_win.cc:1056 Failed to read descriptor from node connection: 시스템에 부착된 장치가 작동하지 않습니다. (0x1F)
4월 11, 2021 16:09:25.05 [14060:6020:0411/160925.053:ERROR:device_event_log_impl.cc(214)] [16:09:25.053] USB: usb_device_handle_win.cc:1056 Failed to read descriptor from node connection: 시스템에 부착된 장치가 작동하지 않습니다. (0x1F)
4월 11, 2021 16:10:11.52 [5268:8384:0411/161011.520:ERROR:device_event_log_impl.cc(214)] [16:10:11.520] USB: usb_device_handle_win.cc:1056 Failed to read descriptor from node connection: 시스템에 부착된 장치가 작동하지 않습니다. (0x1F)
4월 11, 2021 16:12:23.81 [4208:14148:0411/161223.812:ERROR:device_event_log_impl.cc(214)] [16:12:23.813] USB: usb_device_handle_win.cc:1056 Failed to read descriptor from node connection: 시스템에 부착된 장치가 작동하지 않습니다. (0x1F)
4월 11, 2021 16:12:23.81 [4208:14148:0411/161223.813:ERROR:device_event_log_impl.cc(214)] [16:12:23.813] USB: usb_device_handle_win.cc:1056 Failed to read descriptor from node connection: 시스템에 부착된 장치가 작동하지 않습니다. (0x1F)
4월 11, 2021 16:13:21.14 [6632:15356:0411/161321.140:ERROR:device_event_log_impl.cc(214)] [16:13:21.140] USB: usb_device_handle_win.cc:1056 Failed to read descriptor from node connection: 시스템에 부착된 장치가 작동하지 않습니다. (0x1F)
4월 11, 2021 16:13:21.14 [6632:15356:0411/161321.140:ERROR:device_event_log_impl.cc(214)] [16:13:21.140] USB: usb_device_handle_win.cc:1056 Failed to read descriptor from node connection: 시스템에 부착된 장치가 작동하지 않습니다. (0x1F)
4월 11, 2021 16:13:41.08 [4912:6492:0411/161341.089:ERROR:device_event_log_impl.cc(214)] [16:13:41.089] USB: usb_device_handle_win.cc:1056 Failed to read descriptor from node connection: 시스템에 부착된 장치가 작동하지 않습니다. (0x1F)
4월 11, 2021 16:13:41.09 [4912:6492:0411/161341.089:ERROR:device_event_log_impl.cc(214)] [16:13:41.089] USB: usb_device_handle_win.cc:1056 Failed to read descriptor from node connection: 시스템에 부착된 장치가 작동하지 않습니다. (0x1F)
4월 11, 2021 16:13:56.21 [7028:2728:0411/161356.217:ERROR:device_event_log_impl.cc(214)] [16:13:56.217] USB: usb_device_handle_win.cc:1056 Failed to read descriptor from node connection: 시스템에 부착된 장치가 작동하지 않습니다. (0x1F)
4월 11, 2021 16:13:56.21 [7028:2728:0411/161356.217:ERROR:device_event_log_impl.cc(214)] [16:13:56.218] USB: usb_device_handle_win.cc:1056 Failed to read descriptor from node connection: 시스템에 부착된 장치가 작동하지 않습니다. (0x1F)
4월 11, 2021 16:14:13.77 [2092:7828:0411/161413.776:ERROR:get_updates_processor.cc(257)] PostClientToServerMessage() failed during GetUpdates with error 2
4월 11, 2021 16:14:24.21 [10500:12324:0411/161424.209:ERROR:device_event_log_impl.cc(214)] [16:14:24.209] USB: usb_device_handle_win.cc:1056 Failed to read descriptor from node connection: 시스템에 부착된 장치가 작동하지 않습니다. (0x1F)
4월 11, 2021 16:14:43.25 [10916:3268:0411/161443.258:ERROR:device_event_log_impl.cc(214)] [16:14:43.258] USB: usb_device_handle_win.cc:1056 Failed to read descriptor from node connection: 시스템에 부착된 장치가 작동하지 않습니다. (0x1F)
4월 11, 2021 16:14:43.26 [10916:3268:0411/161443.258:ERROR:device_event_log_impl.cc(214)] [16:14:43.258] USB: usb_device_handle_win.cc:1056 Failed to read descriptor from node connection: 시스템에 부착된 장치가 작동하지 않습니다. (0x1F)
4월 11, 2021 16:41:48.09 [9688:12232:0411/164148.093:ERROR:device_event_log_impl.cc(214)] [16:41:48.094] USB: usb_device_handle_win.cc:1056 Failed to read descriptor from node connection: 시스템에 부착된 장치가 작동하지 않습니다. (0x1F)
4월 11, 2021 16:43:23.59 [6600:12384:0411/164323.596:ERROR:device_event_log_impl.cc(214)] [16:43:23.596] USB: usb_device_handle_win.cc:1056 Failed to read descriptor from node connection: 시스템에 부착된 장치가 작동하지 않습니다. (0x1F)
4월 11, 2021 16:44:01.29 [8744:13372:0411/164401.298:ERROR:device_event_log_impl.cc(214)] [16:44:01.298] USB: usb_device_handle_win.cc:1056 Failed to read descriptor from node connection: 시스템에 부착된 장치가 작동하지 않습니다. (0x1F)
4월 11, 2021 16:46:01.26 [13084:13356:0411/164601.264:ERROR:device_event_log_impl.cc(214)] [16:46:01.265] USB: usb_device_handle_win.cc:1056 Failed to read descriptor from node connection: 시스템에 부착된 장치가 작동하지 않습니다. (0x1F)
4월 11, 2021 16:46:01.26 [13084:13356:0411/164601.265:ERROR:device_event_log_impl.cc(214)] [16:46:01.265] USB: usb_device_handle_win.cc:1056 Failed to read descriptor from node connection: 시스템에 부착된 장치가 작동하지 않습니다. (0x1F)
4월 11, 2021 16:46:44.01 [11052:6524:0411/164644.011:ERROR:device_event_log_impl.cc(214)] [16:46:44.011] USB: usb_device_handle_win.cc:1056 Failed to read descriptor from node connection: 시스템에 부착된 장치가 작동하지 않습니다. (0x1F)
4월 11, 2021 16:51:42.57 [3536:1508:0411/165142.570:ERROR:device_event_log_impl.cc(214)] [16:51:42.570] USB: usb_device_handle_win.cc:1056 Failed to read descriptor from node connection: 시스템에 부착된 장치가 작동하지 않습니다. (0x1F)
4월 11, 2021 16:54:35.76 [4228:9468:0411/165435.764:ERROR:device_event_log_impl.cc(214)] [16:54:35.765] USB: usb_device_handle_win.cc:1056 Failed to read descriptor from node connection: 시스템에 부착된 장치가 작동하지 않습니다. (0x1F)
4월 11, 2021 16:55:18.89 [16292:3712:0411/165518.898:ERROR:device_event_log_impl.cc(214)] [16:55:18.897] USB: usb_device_handle_win.cc:1056 Failed to read descriptor from node connection: 시스템에 부착된 장치가 작동하지 않습니다. (0x1F)
4월 11, 2021 16:55:18.90 [16292:3712:0411/165518.899:ERROR:device_event_log_impl.cc(214)] [16:55:18.898] USB: usb_device_handle_win.cc:1056 Failed to read descriptor from node connection: 시스템에 부착된 장치가 작동하지 않습니다. (0x1F)
4월 11, 2021 16:59:33.14 [10756:4284:0411/165933.147:ERROR:device_event_log_impl.cc(214)] [16:59:33.147] USB: usb_device_handle_win.cc:1056 Failed to read descriptor from node connection: 시스템에 부착된 장치가 작동하지 않습니다. (0x1F)
4월 11, 2021 17:00:06.32 [7780:10532:0411/170006.325:ERROR:device_event_log_impl.cc(214)] [17:00:06.326] USB: usb_device_handle_win.cc:1056 Failed to read descriptor from node connection: 시스템에 부착된 장치가 작동하지 않습니다. (0x1F)
4월 11, 2021 17:01:16.72 [1868:9984:0411/170116.720:ERROR:device_event_log_impl.cc(214)] [17:01:16.720] USB: usb_device_handle_win.cc:1056 Failed to read descriptor from node connection: 시스템에 부착된 장치가 작동하지 않습니다. (0x1F)
4월 11, 2021 17:06:42.14 [3500:10440:0411/170642.149:ERROR:device_event_log_impl.cc(214)] [17:06:42.148] USB: usb_device_handle_win.cc:1056 Failed to read descriptor from node connection: 시스템에 부착된 장치가 작동하지 않습니다. (0x1F)
4월 11, 2021 17:08:43.64 [13932:12072:0411/170843.641:ERROR:device_event_log_impl.cc(214)] [17:08:43.641] USB: usb_device_handle_win.cc:1056 Failed to read descriptor from node connection: 시스템에 부착된 장치가 작동하지 않습니다. (0x1F)
4월 11, 2021 17:10:39.92 [1972:14428:0411/171039.929:ERROR:device_event_log_impl.cc(214)] [17:10:39.929] USB: usb_device_handle_win.cc:1056 Failed to read descriptor from node connection: 시스템에 부착된 장치가 작동하지 않습니다. (0x1F)
4월 11, 2021 17:10:39.93 [1972:14428:0411/171039.929:ERROR:device_event_log_impl.cc(214)] [17:10:39.929] USB: usb_device_handle_win.cc:1056 Failed to read descriptor from node connection: 시스템에 부착된 장치가 작동하지 않습니다. (0x1F)
4월 11, 2021 17:11:52.50 [4416:15248:0411/171152.504:ERROR:device_event_log_impl.cc(214)] [17:11:52.503] USB: usb_device_handle_win.cc:1056 Failed to read descriptor from node connection: 시스템에 부착된 장치가 작동하지 않습니다. (0x1F)
4월 11, 2021 17:11:52.50 [4416:15248:0411/171152.504:ERROR:device_event_log_impl.cc(214)] [17:11:52.503] USB: usb_device_handle_win.cc:1056 Failed to read descriptor from node connection: 시스템에 부착된 장치가 작동하지 않습니다. (0x1F)
4월 11, 2021 17:22:41.24 [16232:10152:0411/172241.249:ERROR:device_event_log_impl.cc(214)] [17:22:41.249] USB: usb_device_handle_win.cc:1056 Failed to read descriptor from node connection: 시스템에 부착된 장치가 작동하지 않습니다. (0x1F)
4월 11, 2021 17:24:13.34 [10940:10648:0411/172413.344:ERROR:device_event_log_impl.cc(214)] [17:24:13.344] USB: usb_device_handle_win.cc:1056 Failed to read descriptor from node connection: 시스템에 부착된 장치가 작동하지 않습니다. (0x1F)
4월 11, 2021 17:24:13.34 [10940:10648:0411/172413.345:ERROR:device_event_log_impl.cc(214)] [17:24:13.345] USB: usb_device_handle_win.cc:1056 Failed to read descriptor from node connection: 시스템에 부착된 장치가 작동하지 않습니다. (0x1F)
4월 11, 2021 17:25:03.11 [952:15792:0411/172503.113:ERROR:device_event_log_impl.cc(214)] [17:25:03.113] USB: usb_device_handle_win.cc:1056 Failed to read descriptor from node connection: 시스템에 부착된 장치가 작동하지 않습니다. (0x1F)
4월 11, 2021 17:27:51.74 [8708:1252:0411/172751.740:ERROR:device_event_log_impl.cc(214)] [17:27:51.740] USB: usb_device_handle_win.cc:1056 Failed to read descriptor from node connection: 시스템에 부착된 장치가 작동하지 않습니다. (0x1F)
4월 11, 2021 17:28:29.79 [12384:13428:0411/172829.791:ERROR:device_event_log_impl.cc(214)] [17:28:29.791] USB: usb_device_handle_win.cc:1056 Failed to read descriptor from node connection: 시스템에 부착된 장치가 작동하지 않습니다. (0x1F)
4월 11, 2021 17:28:29.79 [12384:13428:0411/172829.791:ERROR:device_event_log_impl.cc(214)] [17:28:29.791] USB: usb_device_handle_win.cc:1056 Failed to read descriptor from node connection: 시스템에 부착된 장치가 작동하지 않습니다. (0x1F)
4월 11, 2021 17:30:34.70 [9820:14228:0411/173034.705:ERROR:device_event_log_impl.cc(214)] [17:30:34.705] USB: usb_device_handle_win.cc:1056 Failed to read descriptor from node connection: 시스템에 부착된 장치가 작동하지 않습니다. (0x1F)
4월 11, 2021 17:31:35.00 [7772:11368:0411/173135.009:ERROR:device_event_log_impl.cc(214)] [17:31:35.009] USB: usb_device_handle_win.cc:1056 Failed to read descriptor from node connection: 시스템에 부착된 장치가 작동하지 않습니다. (0x1F)
4월 11, 2021 17:32:21.11 [9384:11996:0411/173221.109:ERROR:device_event_log_impl.cc(214)] [17:32:21.110] USB: usb_device_handle_win.cc:1056 Failed to read descriptor from node connection: 시스템에 부착된 장치가 작동하지 않습니다. (0x1F)
4월 11, 2021 17:40:59.59 [5308:15276:0411/174059.596:ERROR:device_event_log_impl.cc(214)] [17:40:59.596] USB: usb_device_handle_win.cc:1056 Failed to read descriptor from node connection: 시스템에 부착된 장치가 작동하지 않습니다. (0x1F)
4월 11, 2021 17:40:59.59 [5308:15276:0411/174059.597:ERROR:device_event_log_impl.cc(214)] [17:40:59.596] USB: usb_device_handle_win.cc:1056 Failed to read descriptor from node connection: 시스템에 부착된 장치가 작동하지 않습니다. (0x1F)
4월 11, 2021 17:44:28.95 [13692:14756:0411/174428.955:ERROR:device_event_log_impl.cc(214)] [17:44:28.955] USB: usb_device_handle_win.cc:1056 Failed to read descriptor from node connection: 시스템에 부착된 장치가 작동하지 않습니다. (0x1F)
4월 11, 2021 17:44:28.95 [13692:14756:0411/174428.955:ERROR:device_event_log_impl.cc(214)] [17:44:28.955] USB: usb_device_handle_win.cc:1056 Failed to read descriptor from node connection: 시스템에 부착된 장치가 작동하지 않습니다. (0x1F)
4월 11, 2021 17:47:07.53 [10716:8456:0411/174707.533:ERROR:device_event_log_impl.cc(214)] [17:47:07.534] USB: usb_device_handle_win.cc:1056 Failed to read descriptor from node connection: 시스템에 부착된 장치가 작동하지 않습니다. (0x1F)
4월 11, 2021 17:47:07.53 [10716:8456:0411/174707.534:ERROR:device_event_log_impl.cc(214)] [17:47:07.534] USB: usb_device_handle_win.cc:1056 Failed to read descriptor from node connection: 시스템에 부착된 장치가 작동하지 않습니다. (0x1F)
4월 11, 2021 17:49:00.47 [15640:3476:0411/174900.473:ERROR:device_event_log_impl.cc(214)] [17:49:00.474] USB: usb_device_handle_win.cc:1056 Failed to read descriptor from node connection: 시스템에 부착된 장치가 작동하지 않습니다. (0x1F)
4월 11, 2021 17:49:00.47 [15640:3476:0411/174900.474:ERROR:device_event_log_impl.cc(214)] [17:49:00.474] USB: usb_device_handle_win.cc:1056 Failed to read descriptor from node connection: 시스템에 부착된 장치가 작동하지 않습니다. (0x1F)
4월 11, 2021 17:50:32.05 [4252:10216:0411/175032.059:ERROR:device_event_log_impl.cc(214)] [17:50:32.059] USB: usb_device_handle_win.cc:1056 Failed to read descriptor from node connection: 시스템에 부착된 장치가 작동하지 않습니다. (0x1F)
4월 11, 2021 17:56:39.87 [15924:16236:0411/175639.871:ERROR:device_event_log_impl.cc(214)] [17:56:39.872] USB: usb_device_handle_win.cc:1056 Failed to read descriptor from node connection: 시스템에 부착된 장치가 작동하지 않습니다. (0x1F)
4월 11, 2021 17:58:05.96 [4936:12532:0411/175805.962:ERROR:device_event_log_impl.cc(214)] [17:58:05.962] USB: usb_device_handle_win.cc:1056 Failed to read descriptor from node connection: 시스템에 부착된 장치가 작동하지 않습니다. (0x1F)
4월 11, 2021 17:59:00.55 [1504:836:0411/175900.552:ERROR:device_event_log_impl.cc(214)] [17:59:00.552] USB: usb_device_handle_win.cc:1056 Failed to read descriptor from node connection: 시스템에 부착된 장치가 작동하지 않습니다. (0x1F)
4월 11, 2021 17:59:00.55 [1504:836:0411/175900.552:ERROR:device_event_log_impl.cc(214)] [17:59:00.553] USB: usb_device_handle_win.cc:1056 Failed to read descriptor from node connection: 시스템에 부착된 장치가 작동하지 않습니다. (0x1F)
4월 11, 2021 17:59:48.95 [7860:3860:0411/175948.958:ERROR:device_event_log_impl.cc(214)] [17:59:48.958] USB: usb_device_handle_win.cc:1056 Failed to read descriptor from node connection: 시스템에 부착된 장치가 작동하지 않습니다. (0x1F)
4월 11, 2021 18:01:39.33 [4284:1868:0411/180139.331:ERROR:device_event_log_impl.cc(214)] [18:01:39.332] USB: usb_device_handle_win.cc:1056 Failed to read descriptor from node connection: 시스템에 부착된 장치가 작동하지 않습니다. (0x1F)
4월 11, 2021 18:02:51.87 [5208:376:0411/180251.877:ERROR:device_event_log_impl.cc(214)] [18:02:51.877] USB: usb_device_handle_win.cc:1056 Failed to read descriptor from node connection: 시스템에 부착된 장치가 작동하지 않습니다. (0x1F)
4월 11, 2021 18:02:51.87 [5208:376:0411/180251.877:ERROR:device_event_log_impl.cc(214)] [18:02:51.877] USB: usb_device_handle_win.cc:1056 Failed to read descriptor from node connection: 시스템에 부착된 장치가 작동하지 않습니다. (0x1F)
4월 11, 2021 18:03:17.71 [6336:2728:0411/180317.712:ERROR:device_event_log_impl.cc(214)] [18:03:17.713] USB: usb_device_handle_win.cc:1056 Failed to read descriptor from node connection: 시스템에 부착된 장치가 작동하지 않습니다. (0x1F)
4월 11, 2021 18:03:17.71 [6336:2728:0411/180317.715:ERROR:device_event_log_impl.cc(214)] [18:03:17.715] USB: usb_device_handle_win.cc:1056 Failed to read descriptor from node connection: 시스템에 부착된 장치가 작동하지 않습니다. (0x1F)
4월 11, 2021 18:04:02.42 [12396:4608:0411/180402.428:ERROR:device_event_log_impl.cc(214)] [18:04:02.429] USB: usb_device_handle_win.cc:1056 Failed to read descriptor from node connection: 시스템에 부착된 장치가 작동하지 않습니다. (0x1F)
4월 11, 2021 18:04:02.43 [12396:4608:0411/180402.429:ERROR:device_event_log_impl.cc(214)] [18:04:02.429] USB: usb_device_handle_win.cc:1056 Failed to read descriptor from node connection: 시스템에 부착된 장치가 작동하지 않습니다. (0x1F)
4월 11, 2021 18:05:31.42 [7256:15392:0411/180531.427:ERROR:device_event_log_impl.cc(214)] [18:05:31.427] USB: usb_device_handle_win.cc:1056 Failed to read descriptor from node connection: 시스템에 부착된 장치가 작동하지 않습니다. (0x1F)
4월 11, 2021 18:23:28.85 [16332:8268:0411/182328.857:ERROR:device_event_log_impl.cc(214)] [18:23:28.857] USB: usb_device_handle_win.cc:1056 Failed to read descriptor from node connection: 시스템에 부착된 장치가 작동하지 않습니다. (0x1F)
4월 11, 2021 18:24:05.87 [5760:3128:0411/182405.870:ERROR:device_event_log_impl.cc(214)] [18:24:05.871] USB: usb_device_handle_win.cc:1056 Failed to read descriptor from node connection: 시스템에 부착된 장치가 작동하지 않습니다. (0x1F)
4월 11, 2021 18:24:05.87 [5760:3128:0411/182405.871:ERROR:device_event_log_impl.cc(214)] [18:24:05.871] USB: usb_device_handle_win.cc:1056 Failed to read descriptor from node connection: 시스템에 부착된 장치가 작동하지 않습니다. (0x1F)
4월 11, 2021 18:26:31.21 [3860:1528:0411/182631.211:ERROR:device_event_log_impl.cc(214)] [18:26:31.211] USB: usb_device_handle_win.cc:1056 Failed to read descriptor from node connection: 시스템에 부착된 장치가 작동하지 않습니다. (0x1F)
4월 11, 2021 20:04:00.62 [12220:14412:0411/200400.627:ERROR:device_event_log_impl.cc(214)] [20:04:00.627] USB: usb_device_handle_win.cc:1056 Failed to read descriptor from node connection: 시스템에 부착된 장치가 작동하지 않습니다. (0x1F)
4월 11, 2021 20:04:00.62 [12220:14412:0411/200400.627:ERROR:device_event_log_impl.cc(214)] [20:04:00.627] USB: usb_device_handle_win.cc:1056 Failed to read descriptor from node connection: 시스템에 부착된 장치가 작동하지 않습니다. (0x1F)
4월 11, 2021 20:05:06.94 [10576:536:0411/200506.948:ERROR:device_event_log_impl.cc(214)] [20:05:06.948] USB: usb_device_handle_win.cc:1056 Failed to read descriptor from node connection: 시스템에 부착된 장치가 작동하지 않습니다. (0x1F)
4월 11, 2021 20:05:36.10 [11208:5732:0411/200536.106:ERROR:device_event_log_impl.cc(214)] [20:05:36.106] USB: usb_device_handle_win.cc:1056 Failed to read descriptor from node connection: 시스템에 부착된 장치가 작동하지 않습니다. (0x1F)
4월 11, 2021 20:07:51.53 [7568:10196:0411/200751.533:ERROR:device_event_log_impl.cc(214)] [20:07:51.533] USB: usb_device_handle_win.cc:1056 Failed to read descriptor from node connection: 시스템에 부착된 장치가 작동하지 않습니다. (0x1F)
4월 11, 2021 20:07:51.53 [7568:10196:0411/200751.533:ERROR:device_event_log_impl.cc(214)] [20:07:51.534] USB: usb_device_handle_win.cc:1056 Failed to read descriptor from node connection: 시스템에 부착된 장치가 작동하지 않습니다. (0x1F)
4월 11, 2021 20:14:52.88 [14212:14368:0411/201452.883:ERROR:device_event_log_impl.cc(214)] [20:14:52.883] USB: usb_device_handle_win.cc:1056 Failed to read descriptor from node connection: 시스템에 부착된 장치가 작동하지 않습니다. (0x1F)
4월 11, 2021 20:21:57.82 [15648:1528:0411/202157.827:ERROR:device_event_log_impl.cc(214)] [20:21:57.828] USB: usb_device_handle_win.cc:1056 Failed to read descriptor from node connection: 시스템에 부착된 장치가 작동하지 않습니다. (0x1F)
4월 11, 2021 20:22:58.52 [7332:3644:0411/202258.526:ERROR:device_event_log_impl.cc(214)] [20:22:58.527] USB: usb_device_handle_win.cc:1056 Failed to read descriptor from node connection: 시스템에 부착된 장치가 작동하지 않습니다. (0x1F)
4월 11, 2021 20:33:03.07 [11656:1320:0411/203303.074:ERROR:device_event_log_impl.cc(214)] [20:33:03.075] USB: usb_device_handle_win.cc:1056 Failed to read descriptor from node connection: 시스템에 부착된 장치가 작동하지 않습니다. (0x1F)
4월 11, 2021 20:33:46.79 [5916:8308:0411/203346.792:ERROR:device_event_log_impl.cc(214)] [20:33:46.791] USB: usb_device_handle_win.cc:1056 Failed to read descriptor from node connection: 시스템에 부착된 장치가 작동하지 않습니다. (0x1F)
4월 11, 2021 20:45:37.99 [6612:4228:0411/204537.998:ERROR:device_event_log_impl.cc(214)] [20:45:37.998] USB: usb_device_handle_win.cc:1056 Failed to read descriptor from node connection: 시스템에 부착된 장치가 작동하지 않습니다. (0x1F)
4월 11, 2021 20:45:38.00 [6612:4228:0411/204537.998:ERROR:device_event_log_impl.cc(214)] [20:45:37.999] USB: usb_device_handle_win.cc:1056 Failed to read descriptor from node connection: 시스템에 부착된 장치가 작동하지 않습니다. (0x1F)
4월 11, 2021 20:51:57.62 [14872:10168:0411/205157.623:ERROR:device_event_log_impl.cc(214)] [20:51:57.623] USB: usb_device_handle_win.cc:1056 Failed to read descriptor from node connection: 시스템에 부착된 장치가 작동하지 않습니다. (0x1F)
4월 11, 2021 20:54:59.13 [12484:4028:0411/205459.134:ERROR:device_event_log_impl.cc(214)] [20:54:59.134] USB: usb_device_handle_win.cc:1056 Failed to read descriptor from node connection: 시스템에 부착된 장치가 작동하지 않습니다. (0x1F)
4월 11, 2021 20:54:59.13 [12484:4028:0411/205459.135:ERROR:device_event_log_impl.cc(214)] [20:54:59.135] USB: usb_device_handle_win.cc:1056 Failed to read descriptor from node connection: 시스템에 부착된 장치가 작동하지 않습니다. (0x1F)
4월 11, 2021 20:59:22.16 [8024:9884:0411/205922.160:ERROR:device_event_log_impl.cc(214)] [20:59:22.160] USB: usb_device_handle_win.cc:1056 Failed to read descriptor from node connection: 시스템에 부착된 장치가 작동하지 않습니다. (0x1F)
4월 11, 2021 21:00:02.78 [8024:9884:0411/210002.785:ERROR:device_event_log_impl.cc(214)] [21:00:02.784] USB: usb_service_win.cc:258 Failed to get device driver name: 요소가 없습니다. (0x490)
4월 11, 2021 21:23:25.38 [1292:3496:0411/212325.384:ERROR:device_event_log_impl.cc(214)] [21:23:25.385] USB: usb_device_handle_win.cc:1056 Failed to read descriptor from node connection: 시스템에 부착된 장치가 작동하지 않습니다. (0x1F)
4월 11, 2021 21:26:30.07 [13020:4176:0411/212630.072:ERROR:device_event_log_impl.cc(214)] [21:26:30.072] USB: usb_device_handle_win.cc:1056 Failed to read descriptor from node connection: 시스템에 부착된 장치가 작동하지 않습니다. (0x1F)
4월 11, 2021 21:26:30.07 [13020:4176:0411/212630.073:ERROR:device_event_log_impl.cc(214)] [21:26:30.074] USB: usb_device_handle_win.cc:1056 Failed to read descriptor from node connection: 시스템에 부착된 장치가 작동하지 않습니다. (0x1F)
